[2025-11-07 23:23:04Z INFO HostContext] No proxy settings were found based on environmental variables (http_proxy/https_proxy/HTTP_PROXY/HTTPS_PROXY)
[2025-11-07 23:23:04Z INFO HostContext] Well known directory 'Bin': 'C:\Users\adm-jeannava_ugv\AulaAdrianDaora\actions-runner\bin'
[2025-11-07 23:23:04Z INFO HostContext] Well known directory 'Root': 'C:\Users\adm-jeannava_ugv\AulaAdrianDaora\actions-runner'
[2025-11-07 23:23:04Z INFO HostContext] Well known config file 'Credentials': 'C:\Users\adm-jeannava_ugv\AulaAdrianDaora\actions-runner\.credentials'
[2025-11-07 23:23:05Z INFO HostContext] Well known directory 'Bin': 'C:\Users\adm-jeannava_ugv\AulaAdrianDaora\actions-runner\bin'
[2025-11-07 23:23:05Z INFO HostContext] Well known directory 'Root': 'C:\Users\adm-jeannava_ugv\AulaAdrianDaora\actions-runner'
[2025-11-07 23:23:05Z INFO HostContext] Well known config file 'Runner': 'C:\Users\adm-jeannava_ugv\AulaAdrianDaora\actions-runner\.runner'
[2025-11-07 23:23:05Z INFO Listener] Runner is built for Windows (X64) - win-x64.
[2025-11-07 23:23:05Z INFO Listener] RuntimeInformation: Microsoft Windows 10.0.26100.
[2025-11-07 23:23:05Z INFO Listener] Version: 2.329.0
[2025-11-07 23:23:05Z INFO Listener] Commit: c76c59996c8fa32e989164a5a695efb12608ae5a
[2025-11-07 23:23:05Z INFO Listener] Culture: pt-BR
[2025-11-07 23:23:05Z INFO Listener] UI Culture: pt-BR
[2025-11-07 23:23:05Z INFO HostContext] Well known directory 'Bin': 'C:\Users\adm-jeannava_ugv\AulaAdrianDaora\actions-runner\bin'
[2025-11-07 23:23:05Z INFO HostContext] Well known directory 'Root': 'C:\Users\adm-jeannava_ugv\AulaAdrianDaora\actions-runner'
[2025-11-07 23:23:05Z INFO Listener] Validating directory permissions for: 'C:\Users\adm-jeannava_ugv\AulaAdrianDaora\actions-runner'
[2025-11-07 23:23:05Z INFO CommandLineParser] Parse
[2025-11-07 23:23:05Z INFO CommandLineParser] Parsing 1 args
[2025-11-07 23:23:05Z INFO CommandLineParser] parsing argument
[2025-11-07 23:23:05Z INFO CommandLineParser] HasArgs: False
[2025-11-07 23:23:05Z INFO CommandLineParser] Adding Command: remove
[2025-11-07 23:23:05Z INFO Listener] Arguments parsed
[2025-11-07 23:23:05Z INFO Runner] ExecuteCommand
[2025-11-07 23:23:05Z INFO ConfigurationStore] currentAssemblyLocation: C:\Users\adm-jeannava_ugv\AulaAdrianDaora\actions-runner\bin\Runner.Listener.dll
[2025-11-07 23:23:05Z INFO HostContext] Well known directory 'Bin': 'C:\Users\adm-jeannava_ugv\AulaAdrianDaora\actions-runner\bin'
[2025-11-07 23:23:05Z INFO ConfigurationStore] binPath: C:\Users\adm-jeannava_ugv\AulaAdrianDaora\actions-runner\bin
[2025-11-07 23:23:05Z INFO HostContext] Well known directory 'Bin': 'C:\Users\adm-jeannava_ugv\AulaAdrianDaora\actions-runner\bin'
[2025-11-07 23:23:05Z INFO HostContext] Well known directory 'Root': 'C:\Users\adm-jeannava_ugv\AulaAdrianDaora\actions-runner'
[2025-11-07 23:23:05Z INFO ConfigurationStore] RootFolder: C:\Users\adm-jeannava_ugv\AulaAdrianDaora\actions-runner
[2025-11-07 23:23:05Z INFO HostContext] Well known directory 'Bin': 'C:\Users\adm-jeannava_ugv\AulaAdrianDaora\actions-runner\bin'
[2025-11-07 23:23:05Z INFO HostContext] Well known directory 'Root': 'C:\Users\adm-jeannava_ugv\AulaAdrianDaora\actions-runner'
[2025-11-07 23:23:05Z INFO HostContext] Well known config file 'Runner': 'C:\Users\adm-jeannava_ugv\AulaAdrianDaora\actions-runner\.runner'
[2025-11-07 23:23:05Z INFO ConfigurationStore] ConfigFilePath: C:\Users\adm-jeannava_ugv\AulaAdrianDaora\actions-runner\.runner
[2025-11-07 23:23:05Z INFO HostContext] Well known directory 'Bin': 'C:\Users\adm-jeannava_ugv\AulaAdrianDaora\actions-runner\bin'
[2025-11-07 23:23:05Z INFO HostContext] Well known directory 'Root': 'C:\Users\adm-jeannava_ugv\AulaAdrianDaora\actions-runner'
[2025-11-07 23:23:05Z INFO HostContext] Well known config file 'MigratedRunner': 'C:\Users\adm-jeannava_ugv\AulaAdrianDaora\actions-runner\.runner_migrated'
[2025-11-07 23:23:05Z INFO ConfigurationStore] MigratedConfigFilePath: C:\Users\adm-jeannava_ugv\AulaAdrianDaora\actions-runner\.runner_migrated
[2025-11-07 23:23:05Z INFO HostContext] Well known directory 'Bin': 'C:\Users\adm-jeannava_ugv\AulaAdrianDaora\actions-runner\bin'
[2025-11-07 23:23:05Z INFO HostContext] Well known directory 'Root': 'C:\Users\adm-jeannava_ugv\AulaAdrianDaora\actions-runner'
[2025-11-07 23:23:05Z INFO HostContext] Well known config file 'Credentials': 'C:\Users\adm-jeannava_ugv\AulaAdrianDaora\actions-runner\.credentials'
[2025-11-07 23:23:05Z INFO ConfigurationStore] CredFilePath: C:\Users\adm-jeannava_ugv\AulaAdrianDaora\actions-runner\.credentials
[2025-11-07 23:23:05Z INFO HostContext] Well known directory 'Bin': 'C:\Users\adm-jeannava_ugv\AulaAdrianDaora\actions-runner\bin'
[2025-11-07 23:23:05Z INFO HostContext] Well known directory 'Root': 'C:\Users\adm-jeannava_ugv\AulaAdrianDaora\actions-runner'
[2025-11-07 23:23:05Z INFO HostContext] Well known config file 'MigratedCredentials': 'C:\Users\adm-jeannava_ugv\AulaAdrianDaora\actions-runner\.credentials_migrated'
[2025-11-07 23:23:05Z INFO ConfigurationStore] MigratedCredFilePath: C:\Users\adm-jeannava_ugv\AulaAdrianDaora\actions-runner\.credentials_migrated
[2025-11-07 23:23:05Z INFO HostContext] Well known directory 'Bin': 'C:\Users\adm-jeannava_ugv\AulaAdrianDaora\actions-runner\bin'
[2025-11-07 23:23:05Z INFO HostContext] Well known directory 'Root': 'C:\Users\adm-jeannava_ugv\AulaAdrianDaora\actions-runner'
[2025-11-07 23:23:05Z INFO HostContext] Well known config file 'Service': 'C:\Users\adm-jeannava_ugv\AulaAdrianDaora\actions-runner\.service'
[2025-11-07 23:23:05Z INFO ConfigurationStore] ServiceConfigFilePath: C:\Users\adm-jeannava_ugv\AulaAdrianDaora\actions-runner\.service
[2025-11-07 23:23:05Z INFO CommandSettings] Flag 'help': 'False'
[2025-11-07 23:23:05Z INFO CommandSettings] Flag 'version': 'False'
[2025-11-07 23:23:05Z INFO CommandSettings] Flag 'commit': 'False'
[2025-11-07 23:23:05Z INFO CommandSettings] Flag 'check': 'False'
[2025-11-07 23:23:05Z INFO CommandSettings] Command 'configure': 'False'
[2025-11-07 23:23:05Z INFO CommandSettings] Command 'remove': 'True'
[2025-11-07 23:23:05Z INFO CommandSettings] Flag 'local': 'False'
[2025-11-07 23:23:05Z INFO ConfigurationStore] IsServiceConfigured()
[2025-11-07 23:23:05Z INFO ConfigurationStore] IsServiceConfigured: False
[2025-11-07 23:23:05Z INFO ConfigurationStore] IsConfigured()
[2025-11-07 23:23:05Z INFO ConfigurationStore] IsConfigured: True
[2025-11-07 23:23:05Z INFO ConfigurationStore] HasCredentials()
[2025-11-07 23:23:05Z INFO ConfigurationStore] stored True
[2025-11-07 23:23:05Z INFO ConfigurationStore] Read setting file: 397 chars
[2025-11-07 23:23:05Z INFO CommandSettings] Arg 'token': ''
[2025-11-07 23:23:05Z INFO CommandSettings] Flag 'unattended': 'False'
[2025-11-07 23:23:05Z INFO PromptManager] ReadValue
[2025-11-07 23:23:05Z INFO Terminal] WRITE: Enter runner remove token: 
[2025-11-07 23:23:05Z INFO Terminal] READ SECRET
[2025-11-07 23:23:25Z INFO Terminal] Read value: '***'
[2025-11-07 23:23:25Z INFO ConfigurationManager] Http response code: OK from 'POST https://api.github.com/actions/runner-registration' (F306:3A9913:8A10A4:99FF26:690E7F88)
[2025-11-07 23:23:25Z INFO ConfigurationManager] cred retrieved via GitHub auth
[2025-11-07 23:23:25Z INFO RunnerServer] EstablishVssConnection
[2025-11-07 23:23:25Z INFO RunnerServer] Establish connection with 100 seconds timeout.
[2025-11-07 23:23:25Z INFO GitHubActionsService] Starting operation Location.GetConnectionData
[2025-11-07 23:23:25Z INFO RunnerServer] EstablishVssConnection
[2025-11-07 23:23:25Z INFO RunnerServer] Establish connection with 60 seconds timeout.
[2025-11-07 23:23:25Z INFO GitHubActionsService] Starting operation Location.GetConnectionData
[2025-11-07 23:23:25Z INFO RunnerServer] EstablishVssConnection
[2025-11-07 23:23:25Z INFO RunnerServer] Establish connection with 60 seconds timeout.
[2025-11-07 23:23:25Z INFO GitHubActionsService] Starting operation Location.GetConnectionData
[2025-11-07 23:23:26Z INFO GitHubActionsService] Finished operation Location.GetConnectionData
[2025-11-07 23:23:26Z INFO GitHubActionsService] Finished operation Location.GetConnectionData
[2025-11-07 23:23:26Z INFO GitHubActionsService] Finished operation Location.GetConnectionData
[2025-11-07 23:23:26Z INFO Terminal] WRITE LINE: 
[2025-11-07 23:23:26Z INFO ConfigurationStore] IsConfigured()
[2025-11-07 23:23:26Z INFO ConfigurationStore] IsConfigured: True
[2025-11-07 23:23:26Z INFO ConfigurationStore] HasCredentials()
[2025-11-07 23:23:26Z INFO ConfigurationStore] stored True
[2025-11-07 23:23:26Z INFO HostContext] Well known directory 'Bin': 'C:\Users\adm-jeannava_ugv\AulaAdrianDaora\actions-runner\bin'
[2025-11-07 23:23:26Z INFO HostContext] Well known directory 'Root': 'C:\Users\adm-jeannava_ugv\AulaAdrianDaora\actions-runner'
[2025-11-07 23:23:26Z INFO HostContext] Well known config file 'RSACredentials': 'C:\Users\adm-jeannava_ugv\AulaAdrianDaora\actions-runner\.credentials_rsaparams'
[2025-11-07 23:23:26Z INFO RSAEncryptedFileKeyManager] Deleting RSA key parameters file C:\Users\adm-jeannava_ugv\AulaAdrianDaora\actions-runner\.credentials_rsaparams
[2025-11-07 23:23:26Z INFO Terminal] WRITE LINE: 
[2025-11-07 23:23:26Z INFO Listener] Runner execution has finished with return code 0
